_______________________________________
06.04.2016 14:06:17 {"jsonrpc":"2.0","id":0,"result":{"dogovor_code":"P1700030","pay_date":"07.04.2016 00:00:00 +03:00","price":{"RUB":954,"USD":13,"EUR":12,"BYR":275000}}}
_______________________________________
06.04.2016 14:06:17 from redis
_______________________________________
06.04.2016 14:06:16 бронь отеля ve_26285_ve_130547_10_BYR
_______________________________________
06.04.2016 14:06:16 in get hotels
_______________________________________
06.04.2016 14:06:16 Data Source=192.168.1.89; Initial Catalog=avalon; User Id=sa; Password=MasterTop10; Application Name=; Max Pool Size=100;Asynchronous Processing=False; Connection Timeout=100
_______________________________________
06.04.2016 14:06:16 {"method":"create_new_dogovor","id":0,"params":[[1081],{"email":"elena060991@mail.ru","phone":"375297654591"},"",""]}
_______________________________________
06.04.2016 13:57:40 {"jsonrpc":"2.0","id":0,"result":{"dogovor_code":"P1700029","pay_date":"07.04.2016 00:00:00 +03:00","price":{"RUB":4303,"USD":60,"EUR":53,"BYR":1240000}}}
_______________________________________
06.04.2016 13:57:40 from redis
_______________________________________
06.04.2016 13:57:40 after add comment
_______________________________________
06.04.2016 13:57:40 try to add comment
_______________________________________
06.04.2016 13:57:39 бронь отеля ve_24995_ve_111387_4_BYR
_______________________________________
06.04.2016 13:57:39 in get hotels
_______________________________________
06.04.2016 13:57:39 Data Source=192.168.1.89; Initial Catalog=avalon; User Id=sa; Password=MasterTop10; Application Name=; Max Pool Size=100;Asynchronous Processing=False; Connection Timeout=100
_______________________________________
06.04.2016 13:57:38 {"method":"create_new_dogovor","id":0,"params":[[1080],{"email":"7544384@tut.by","phone":"34654654654"},"sfdas",""]}
_______________________________________
06.04.2016 13:26:03 {"jsonrpc":"2.0","id":0,"result":{"dogovor_code":"P1700028","pay_date":"07.04.2016 00:00:00 +03:00","price":{"RUB":573,"USD":8,"EUR":7,"BYR":165000}}}
_______________________________________
06.04.2016 13:26:03 from redis
_______________________________________
06.04.2016 13:26:02 бронь отеля ve_26285_ve_136755_10_BYR
_______________________________________
06.04.2016 13:26:02 in get hotels
_______________________________________
06.04.2016 13:26:02 Data Source=192.168.1.89; Initial Catalog=avalon; User Id=sa; Password=MasterTop10; Application Name=; Max Pool Size=100;Asynchronous Processing=False; Connection Timeout=100
_______________________________________
06.04.2016 13:26:02 {"method":"create_new_dogovor","id":0,"params":[[1079],{"email":"elena060991@mail.ru","phone":"375297654591"},"",""]}
_______________________________________
06.04.2016 13:22:05 {"jsonrpc":"2.0","id":0,"result":{"dogovor_code":"P1700027","pay_date":"07.04.2016 00:00:00 +03:00","price":{"RUB":2866,"USD":40,"EUR":35,"BYR":826000}}}
_______________________________________
06.04.2016 13:22:05 from redis
_______________________________________
06.04.2016 13:22:04 бронь отеля ve_24587_ve_112111_10_USD
_______________________________________
06.04.2016 13:22:04 in get hotels
_______________________________________
06.04.2016 13:22:03 Data Source=192.168.1.89; Initial Catalog=avalon; User Id=sa; Password=MasterTop10; Application Name=; Max Pool Size=100;Asynchronous Processing=False; Connection Timeout=100
_______________________________________
06.04.2016 13:22:03 {"method":"create_new_dogovor","id":0,"params":[[1078],{"email":"elena060991@mail.ru","phone":"375297654591"},"","test10"]}
