_______________________________________
25.04.2016 17:27:21 {"jsonrpc":"2.0","id":0,"result":{"dogovor_code":"P1700040","pay_date":"26.04.2016 00:00:00 +03:00","price":{"RUB":14458,"USD":209,"EUR":186,"BYR":4204000}}}
_______________________________________
25.04.2016 17:27:21 from redis
_______________________________________
25.04.2016 17:27:21 after add comment
_______________________________________
25.04.2016 17:27:21 try to add comment
_______________________________________
25.04.2016 17:27:21 after add comment
_______________________________________
25.04.2016 17:27:21 try to add comment
_______________________________________
25.04.2016 17:27:20 new transfer added
_______________________________________
25.04.2016 17:27:20 transfer exists
_______________________________________
25.04.2016 17:27:20 in get trf
_______________________________________
25.04.2016 17:27:20 in get hotels
_______________________________________
25.04.2016 17:27:20 Data Source=192.168.1.89; Initial Catalog=avalon; User Id=sa; Password=MasterTop10; Application Name=; Max Pool Size=100;Asynchronous Processing=False; Connection Timeout=100
_______________________________________
25.04.2016 17:27:20 {"method":"create_new_dogovor","id":0,"params":[[1091,1092],{"email":"al.prokopenya@gmail.com","phone":"345345345233"},"test",""]}
_______________________________________
25.04.2016 17:23:19 {"jsonrpc":"2.0","id":0,"result":{"dogovor_code":"P1700039","pay_date":"26.04.2016 00:00:00 +03:00","price":{"RUB":7229,"USD":105,"EUR":93,"BYR":2102000}}}
_______________________________________
25.04.2016 17:23:19 from redis
_______________________________________
25.04.2016 17:23:18 after add comment
_______________________________________
25.04.2016 17:23:18 try to add comment
_______________________________________
25.04.2016 17:23:18 after add comment
_______________________________________
25.04.2016 17:23:18 try to add comment
_______________________________________
25.04.2016 17:23:18 transfer exists
_______________________________________
25.04.2016 17:23:18 in get trf
_______________________________________
25.04.2016 17:23:18 in get hotels
_______________________________________
25.04.2016 17:23:17 Data Source=192.168.1.89; Initial Catalog=avalon; User Id=sa; Password=MasterTop10; Application Name=; Max Pool Size=100;Asynchronous Processing=False; Connection Timeout=100
_______________________________________
25.04.2016 17:23:17 {"method":"create_new_dogovor","id":0,"params":[[1090],{"email":"alprokopeny.a@gmail.com","phone":"345345345233"},"test",""]}
