_______________________________________
27.04.2016 19:08:44 {"jsonrpc":"2.0","id":0,"result":{"dogovor_code":"P1700041","pay_date":"28.04.2016 00:00:00 +03:00","price":{"RUB":2011,"USD":29,"EUR":26,"BYR":585000}}}
_______________________________________
27.04.2016 19:08:44 from redis
_______________________________________
27.04.2016 19:08:44 after add comment
_______________________________________
27.04.2016 19:08:44 try to add comment
_______________________________________
27.04.2016 19:08:43 after add comment
_______________________________________
27.04.2016 19:08:43 try to add comment
_______________________________________
27.04.2016 19:08:43 new transfer added
_______________________________________
27.04.2016 19:08:43 in get trf
_______________________________________
27.04.2016 19:08:43 in get hotels
_______________________________________
27.04.2016 19:08:42 Data Source=192.168.1.89; Initial Catalog=avalon; User Id=sa; Password=MasterTop10; Application Name=; Max Pool Size=100;Asynchronous Processing=False; Connection Timeout=100
_______________________________________
27.04.2016 19:08:42 {"method":"create_new_dogovor","id":0,"params":[[1093],{"email":"mail@asdasdasdas.as","phone":"6565465665"},"ntcnncn",""]}
_______________________________________
27.04.2016 17:43:38 {"jsonrpc":"2.0","id":2,"result":[{"dogovor_code":"P1700002","dogovor_status":0,"tour_date":"13.04.2016","total_price":{"RUB":3494,"USD":50,"EUR":44,"BYR":1020000},"paid_sum":{"RUB":0,"USD":0,"EUR":0,"BYR":0},"up_date":"01.01.0001 00:00:00 +03:00","services":[{"title":"HOTEL::Минск/Вояж-г-ца/Дабл(Стандарт),2ADL/BB Завтрак/","status":1,"book_id":1053}],"documents_count":0,"comments_cnt":0},{"dogovor_code":"P1700007","dogovor_status":0,"tour_date":"14.04.2016","total_price":{"RUB":9760,"USD":136,"EUR":120,"BYR":2815861},"paid_sum":{"RUB":0,"USD":0,"EUR":0,"BYR":0},"up_date":"01.01.0001 00:00:00 +03:00","services":[{"title":"HOTEL::Минск/\"Happy\" хостел-Хостел/4-местн номер(эконом-класс),Койко-место/NO NO MEALS/","status":1,"book_id":1058},{"title":"Виза::Беларусь/,7 дней/","status":0,"book_id":0}],"documents_count":0,"comments_cnt":0},{"dogovor_code":"P1700011","dogovor_status":0,"tour_date":"07.04.2016","total_price":{"RUB":7320,"USD":102,"EUR":90,"BYR":2111861},"paid_sum":{"RUB":0,"USD":0,"EUR":0,"BYR":0},"up_date":"01.01.0001 00:00:00 +03:00","services":[{"title":"HOTEL::Минск/\"Happy\" хостел-Хостел/10-местн номер(эконом-класс),Койко-место/NO NO MEALS/","status":1,"book_id":1062},{"title":"Виза::Беларусь/,7 дней/","status":0,"book_id":0}],"documents_count":0,"comments_cnt":0},{"dogovor_code":"P1700013","dogovor_status":0,"tour_date":"07.04.2016","total_price":{"RUB":7320,"USD":102,"EUR":90,"BYR":2111861},"paid_sum":{"RUB":0,"USD":0,"EUR":0,"BYR":0},"up_date":"01.01.0001 00:00:00 +03:00","services":[{"title":"HOTEL::Минск/\"Happy\" хостел-Хостел/10-местн номер(эконом-класс),Койко-место/NO NO MEALS/","status":1,"book_id":1062},{"title":"Виза::Беларусь/,7 дней/","status":0,"book_id":0}],"documents_count":0,"comments_cnt":0},{"dogovor_code":"P1700014","dogovor_status":0,"tour_date":"14.04.2016","total_price":{"RUB":8133,"USD":114,"EUR":100,"BYR":2346620},"paid_sum":{"RUB":0,"USD":0,"EUR":0,"BYR":0},"up_date":"01.01.0001 00:00:00 +03:00","services":[{"title":"HOTEL::Минск/\"Happy\" хостел-Хостел/4-местн номер(эконом-класс),Койко-место/NO NO MEALS/","status":1,"book_id":1064},{"title":"Виза::Беларусь/,7 дней/","status":0,"book_id":0}],"documents_count":0,"comments_cnt":0},{"dogovor_code":"P1700015","dogovor_status":0,"tour_date":"14.04.2016","total_price":{"RUB":8133,"USD":114,"EUR":100,"BYR":2346620},"paid_sum":{"RUB":0,"USD":0,"EUR":0,"BYR":0},"up_date":"01.01.0001 00:00:00 +03:00","services":[{"title":"HOTEL::Минск/\"Happy\" хостел-Хостел/4-местн номер(эконом-класс),Койко-место/NO NO MEALS/","status":1,"book_id":1065},{"title":"Виза::Беларусь/,7 дней/","status":0,"book_id":0}],"documents_count":0,"comments_cnt":0},{"dogovor_code":"P1700016","dogovor_status":0,"tour_date":"13.04.2016","total_price":{"RUB":1628,"USD":23,"EUR":20,"BYR":469620},"paid_sum":{"RUB":0,"USD":0,"EUR":0,"BYR":0},"up_date":"01.01.0001 00:00:00 +03:00","services":[{"title":"HOTEL::Минск/\"Happy\" хостел-Хостел/10-местн номер(эконом-класс),Койко-место/NO NO MEALS/","status":1,"book_id":1066},{"title":"Виза::Беларусь/,2 дня/","status":0,"book_id":0}],"documents_count":0,"comments_cnt":0},{"dogovor_code":"P1700037","dogovor_status":0,"tour_date":"27.05.2016","total_price":{"RUB":7229,"USD":105,"EUR":93,"BYR":2102000},"paid_sum":{"RUB":0,"USD":0,"EUR":0,"BYR":0},"up_date":"01.01.0001 00:00:00 +03:00","services":[{"title":"Трансфер::Минск/Аэропорт Минск-2 - Могилев, , /Минивен (7 мест),7 чел./","status":1,"book_id":1089}],"documents_count":0,"comments_cnt":0},{"dogovor_code":"P1700038","dogovor_status":0,"tour_date":"27.05.2016","total_price":{"RUB":7229,"USD":105,"EUR":93,"BYR":2102000},"paid_sum":{"RUB":0,"USD":0,"EUR":0,"BYR":0},"up_date":"01.01.0001 00:00:00 +03:00","services":[{"title":"Трансфер::Минск/Аэропорт Минск-2 - Могилев, , /Минивен (7 мест),7 чел./","status":1,"book_id":1089}],"documents_count":0,"comments_cnt":0}]}
_______________________________________
27.04.2016 17:43:38 from mt
_______________________________________
27.04.2016 17:43:38 RC_RCOD2 = (select top 1  ra_code from dbo.Rates where RA_ISOCode = 'EUR') and RC_RCOD1 = (select top 1  ra_code from dbo.Rates where RA_ISOCode = 'BYR') and RC_DATEBEG <='2016-04-25' and RC_DATEBEG > '2016-04-11'
_______________________________________
27.04.2016 17:43:38 RC_RCOD2 = (select top 1  ra_code from dbo.Rates where RA_ISOCode = 'USD') and RC_RCOD1 = (select top 1  ra_code from dbo.Rates where RA_ISOCode = 'BYR') and RC_DATEBEG <='2016-04-25' and RC_DATEBEG > '2016-04-11'
_______________________________________
27.04.2016 17:43:38 RC_RCOD1 = (select top 1  ra_code from dbo.Rates where RA_ISOCode = 'RUB') and RC_RCOD2 = (select top 1  ra_code from dbo.Rates where RA_ISOCode = 'BYR') and RC_DATEBEG <='2016-04-25' and RC_DATEBEG > '2016-04-11'
_______________________________________
27.04.2016 17:43:38 RC_RCOD2 = (select top 1  ra_code from dbo.Rates where RA_ISOCode = 'RUB') and RC_RCOD1 = (select top 1  ra_code from dbo.Rates where RA_ISOCode = 'BYR') and RC_DATEBEG <='2016-04-25' and RC_DATEBEG > '2016-04-11'
_______________________________________
27.04.2016 17:43:38 from mt
_______________________________________
27.04.2016 17:43:38 RC_RCOD2 = (select top 1  ra_code from dbo.Rates where RA_ISOCode = 'EUR') and RC_RCOD1 = (select top 1  ra_code from dbo.Rates where RA_ISOCode = 'BYR') and RC_DATEBEG <='2016-04-25' and RC_DATEBEG > '2016-04-11'
_______________________________________
27.04.2016 17:43:38 RC_RCOD2 = (select top 1  ra_code from dbo.Rates where RA_ISOCode = 'USD') and RC_RCOD1 = (select top 1  ra_code from dbo.Rates where RA_ISOCode = 'BYR') and RC_DATEBEG <='2016-04-25' and RC_DATEBEG > '2016-04-11'
_______________________________________
27.04.2016 17:43:38 RC_RCOD1 = (select top 1  ra_code from dbo.Rates where RA_ISOCode = 'RUB') and RC_RCOD2 = (select top 1  ra_code from dbo.Rates where RA_ISOCode = 'BYR') and RC_DATEBEG <='2016-04-25' and RC_DATEBEG > '2016-04-11'
_______________________________________
27.04.2016 17:43:38 RC_RCOD2 = (select top 1  ra_code from dbo.Rates where RA_ISOCode = 'RUB') and RC_RCOD1 = (select top 1  ra_code from dbo.Rates where RA_ISOCode = 'BYR') and RC_DATEBEG <='2016-04-25' and RC_DATEBEG > '2016-04-11'
_______________________________________
27.04.2016 17:43:38 from mt
_______________________________________
27.04.2016 17:43:38 RC_RCOD2 = (select top 1  ra_code from dbo.Rates where RA_ISOCode = 'EUR') and RC_RCOD1 = (select top 1  ra_code from dbo.Rates where RA_ISOCode = 'BYR') and RC_DATEBEG <='2016-04-05' and RC_DATEBEG > '2016-03-22'
_______________________________________
27.04.2016 17:43:38 RC_RCOD2 = (select top 1  ra_code from dbo.Rates where RA_ISOCode = 'USD') and RC_RCOD1 = (select top 1  ra_code from dbo.Rates where RA_ISOCode = 'BYR') and RC_DATEBEG <='2016-04-05' and RC_DATEBEG > '2016-03-22'
_______________________________________
27.04.2016 17:43:38 RC_RCOD1 = (select top 1  ra_code from dbo.Rates where RA_ISOCode = 'RUB') and RC_RCOD2 = (select top 1  ra_code from dbo.Rates where RA_ISOCode = 'BYR') and RC_DATEBEG <='2016-04-05' and RC_DATEBEG > '2016-03-22'
_______________________________________
27.04.2016 17:43:38 RC_RCOD2 = (select top 1  ra_code from dbo.Rates where RA_ISOCode = 'RUB') and RC_RCOD1 = (select top 1  ra_code from dbo.Rates where RA_ISOCode = 'BYR') and RC_DATEBEG <='2016-04-05' and RC_DATEBEG > '2016-03-22'
_______________________________________
27.04.2016 17:43:38 from mt
_______________________________________
27.04.2016 17:43:38 RC_RCOD2 = (select top 1  ra_code from dbo.Rates where RA_ISOCode = 'EUR') and RC_RCOD1 = (select top 1  ra_code from dbo.Rates where RA_ISOCode = 'BYR') and RC_DATEBEG <='2016-04-05' and RC_DATEBEG > '2016-03-22'
_______________________________________
27.04.2016 17:43:38 RC_RCOD2 = (select top 1  ra_code from dbo.Rates where RA_ISOCode = 'USD') and RC_RCOD1 = (select top 1  ra_code from dbo.Rates where RA_ISOCode = 'BYR') and RC_DATEBEG <='2016-04-05' and RC_DATEBEG > '2016-03-22'
_______________________________________
27.04.2016 17:43:38 RC_RCOD1 = (select top 1  ra_code from dbo.Rates where RA_ISOCode = 'RUB') and RC_RCOD2 = (select top 1  ra_code from dbo.Rates where RA_ISOCode = 'BYR') and RC_DATEBEG <='2016-04-05' and RC_DATEBEG > '2016-03-22'
_______________________________________
27.04.2016 17:43:38 RC_RCOD2 = (select top 1  ra_code from dbo.Rates where RA_ISOCode = 'RUB') and RC_RCOD1 = (select top 1  ra_code from dbo.Rates where RA_ISOCode = 'BYR') and RC_DATEBEG <='2016-04-05' and RC_DATEBEG > '2016-03-22'
_______________________________________
27.04.2016 17:43:38 from mt
_______________________________________
27.04.2016 17:43:38 RC_RCOD2 = (select top 1  ra_code from dbo.Rates where RA_ISOCode = 'EUR') and RC_RCOD1 = (select top 1  ra_code from dbo.Rates where RA_ISOCode = 'BYR') and RC_DATEBEG <='2016-04-05' and RC_DATEBEG > '2016-03-22'
_______________________________________
27.04.2016 17:43:38 RC_RCOD2 = (select top 1  ra_code from dbo.Rates where RA_ISOCode = 'USD') and RC_RCOD1 = (select top 1  ra_code from dbo.Rates where RA_ISOCode = 'BYR') and RC_DATEBEG <='2016-04-05' and RC_DATEBEG > '2016-03-22'
_______________________________________
27.04.2016 17:43:38 RC_RCOD1 = (select top 1  ra_code from dbo.Rates where RA_ISOCode = 'RUB') and RC_RCOD2 = (select top 1  ra_code from dbo.Rates where RA_ISOCode = 'BYR') and RC_DATEBEG <='2016-04-05' and RC_DATEBEG > '2016-03-22'
_______________________________________
27.04.2016 17:43:38 RC_RCOD2 = (select top 1  ra_code from dbo.Rates where RA_ISOCode = 'RUB') and RC_RCOD1 = (select top 1  ra_code from dbo.Rates where RA_ISOCode = 'BYR') and RC_DATEBEG <='2016-04-05' and RC_DATEBEG > '2016-03-22'
_______________________________________
27.04.2016 17:43:38 from mt
_______________________________________
27.04.2016 17:43:38 RC_RCOD2 = (select top 1  ra_code from dbo.Rates where RA_ISOCode = 'EUR') and RC_RCOD1 = (select top 1  ra_code from dbo.Rates where RA_ISOCode = 'BYR') and RC_DATEBEG <='2016-04-05' and RC_DATEBEG > '2016-03-22'
_______________________________________
27.04.2016 17:43:38 RC_RCOD2 = (select top 1  ra_code from dbo.Rates where RA_ISOCode = 'USD') and RC_RCOD1 = (select top 1  ra_code from dbo.Rates where RA_ISOCode = 'BYR') and RC_DATEBEG <='2016-04-05' and RC_DATEBEG > '2016-03-22'
_______________________________________
27.04.2016 17:43:38 RC_RCOD1 = (select top 1  ra_code from dbo.Rates where RA_ISOCode = 'RUB') and RC_RCOD2 = (select top 1  ra_code from dbo.Rates where RA_ISOCode = 'BYR') and RC_DATEBEG <='2016-04-05' and RC_DATEBEG > '2016-03-22'
_______________________________________
27.04.2016 17:43:38 RC_RCOD2 = (select top 1  ra_code from dbo.Rates where RA_ISOCode = 'RUB') and RC_RCOD1 = (select top 1  ra_code from dbo.Rates where RA_ISOCode = 'BYR') and RC_DATEBEG <='2016-04-05' and RC_DATEBEG > '2016-03-22'
_______________________________________
27.04.2016 17:43:38 from mt
_______________________________________
27.04.2016 17:43:38 RC_RCOD2 = (select top 1  ra_code from dbo.Rates where RA_ISOCode = 'EUR') and RC_RCOD1 = (select top 1  ra_code from dbo.Rates where RA_ISOCode = 'BYR') and RC_DATEBEG <='2016-04-05' and RC_DATEBEG > '2016-03-22'
_______________________________________
27.04.2016 17:43:38 RC_RCOD2 = (select top 1  ra_code from dbo.Rates where RA_ISOCode = 'USD') and RC_RCOD1 = (select top 1  ra_code from dbo.Rates where RA_ISOCode = 'BYR') and RC_DATEBEG <='2016-04-05' and RC_DATEBEG > '2016-03-22'
_______________________________________
27.04.2016 17:43:37 RC_RCOD1 = (select top 1  ra_code from dbo.Rates where RA_ISOCode = 'RUB') and RC_RCOD2 = (select top 1  ra_code from dbo.Rates where RA_ISOCode = 'BYR') and RC_DATEBEG <='2016-04-05' and RC_DATEBEG > '2016-03-22'
_______________________________________
27.04.2016 17:43:37 RC_RCOD2 = (select top 1  ra_code from dbo.Rates where RA_ISOCode = 'RUB') and RC_RCOD1 = (select top 1  ra_code from dbo.Rates where RA_ISOCode = 'BYR') and RC_DATEBEG <='2016-04-05' and RC_DATEBEG > '2016-03-22'
_______________________________________
27.04.2016 17:43:37 from mt
_______________________________________
27.04.2016 17:43:37 RC_RCOD2 = (select top 1  ra_code from dbo.Rates where RA_ISOCode = 'EUR') and RC_RCOD1 = (select top 1  ra_code from dbo.Rates where RA_ISOCode = 'BYR') and RC_DATEBEG <='2016-04-05' and RC_DATEBEG > '2016-03-22'
_______________________________________
27.04.2016 17:43:37 RC_RCOD2 = (select top 1  ra_code from dbo.Rates where RA_ISOCode = 'USD') and RC_RCOD1 = (select top 1  ra_code from dbo.Rates where RA_ISOCode = 'BYR') and RC_DATEBEG <='2016-04-05' and RC_DATEBEG > '2016-03-22'
_______________________________________
27.04.2016 17:43:37 RC_RCOD1 = (select top 1  ra_code from dbo.Rates where RA_ISOCode = 'RUB') and RC_RCOD2 = (select top 1  ra_code from dbo.Rates where RA_ISOCode = 'BYR') and RC_DATEBEG <='2016-04-05' and RC_DATEBEG > '2016-03-22'
_______________________________________
27.04.2016 17:43:37 RC_RCOD2 = (select top 1  ra_code from dbo.Rates where RA_ISOCode = 'RUB') and RC_RCOD1 = (select top 1  ra_code from dbo.Rates where RA_ISOCode = 'BYR') and RC_DATEBEG <='2016-04-05' and RC_DATEBEG > '2016-03-22'
_______________________________________
27.04.2016 17:43:37 from mt
_______________________________________
27.04.2016 17:43:37 RC_RCOD2 = (select top 1  ra_code from dbo.Rates where RA_ISOCode = 'EUR') and RC_RCOD1 = (select top 1  ra_code from dbo.Rates where RA_ISOCode = 'BYR') and RC_DATEBEG <='2016-03-31' and RC_DATEBEG > '2016-03-17'
_______________________________________
27.04.2016 17:43:37 RC_RCOD2 = (select top 1  ra_code from dbo.Rates where RA_ISOCode = 'USD') and RC_RCOD1 = (select top 1  ra_code from dbo.Rates where RA_ISOCode = 'BYR') and RC_DATEBEG <='2016-03-31' and RC_DATEBEG > '2016-03-17'
_______________________________________
27.04.2016 17:43:37 RC_RCOD1 = (select top 1  ra_code from dbo.Rates where RA_ISOCode = 'RUB') and RC_RCOD2 = (select top 1  ra_code from dbo.Rates where RA_ISOCode = 'BYR') and RC_DATEBEG <='2016-03-31' and RC_DATEBEG > '2016-03-17'
_______________________________________
27.04.2016 17:43:37 RC_RCOD2 = (select top 1  ra_code from dbo.Rates where RA_ISOCode = 'RUB') and RC_RCOD1 = (select top 1  ra_code from dbo.Rates where RA_ISOCode = 'BYR') and RC_DATEBEG <='2016-03-31' and RC_DATEBEG > '2016-03-17'
_______________________________________
27.04.2016 17:43:37 {"id":2,"method":"get_dogovors_by_user","params":{"user_mail":"test@ttt.tt","user_id":0}}
_______________________________________
27.04.2016 17:42:45 {"jsonrpc":"2.0","id":1,"result":{"turists":[{"id":0,"gender":1,"last_name":"HOLUBEU","first_name":"VIACHАSLAU","birth_date":"03.09.1972","citizenship":"Беларусь","passport_num":"KB1715802","passport_date":"03.09.2017"}],"documents":[],"services":[{"service_class":1125,"price":{"RUB":12759,"USD":189,"EUR":167,"BYR":3760256},"day":1,"days_long":0,"title":"Информационные услуг::Беларусь/Информационные услуги/                                                                                                                                                                                                         ","status":0,"book_id":0},{"service_class":1165,"price":{"RUB":0,"USD":0,"EUR":0,"BYR":0},"day":1,"days_long":0,"title":"Авиабилеты::Беларусь/Минск-Москва/Y-Экономический класс/                                                                                                                                                                                                      ","status":0,"book_id":0},{"service_class":1165,"price":{"RUB":0,"USD":0,"EUR":0,"BYR":0},"day":1,"days_long":0,"title":"Авиабилеты::Беларусь/Москва-Минск/Y-Экономический класс/                                                                                                                                                                                                      ","status":0,"book_id":0}],"dogovor_status":7,"tour_date":"27.04.2016","pay_date":"27.04.2016 09:58:24 +03:00","total_price":{"RUB":12759,"USD":189,"EUR":167,"BYR":3760256},"paid_sum":{"RUB":12759,"USD":189,"EUR":167,"BYR":3760256},"up_date":"27.04.2016 09:44:00 +03:00","messages":[]}}
_______________________________________
27.04.2016 17:42:45 from mt
_______________________________________
27.04.2016 17:42:45 RC_RCOD1 = (select top 1  ra_code from dbo.Rates where RA_ISOCode = 'BYR') and RC_RCOD2 = (select top 1  ra_code from dbo.Rates where RA_ISOCode = 'EUR') and RC_DATEBEG <='2016-04-27' and RC_DATEBEG > '2016-04-13'
_______________________________________
27.04.2016 17:42:45 RC_RCOD2 = (select top 1  ra_code from dbo.Rates where RA_ISOCode = 'BYR') and RC_RCOD1 = (select top 1  ra_code from dbo.Rates where RA_ISOCode = 'EUR') and RC_DATEBEG <='2016-04-27' and RC_DATEBEG > '2016-04-13'
_______________________________________
27.04.2016 17:42:45 RC_RCOD2 = (select top 1  ra_code from dbo.Rates where RA_ISOCode = 'USD') and RC_RCOD1 = (select top 1  ra_code from dbo.Rates where RA_ISOCode = 'EUR') and RC_DATEBEG <='2016-04-27' and RC_DATEBEG > '2016-04-13'
_______________________________________
27.04.2016 17:42:45 RC_RCOD1 = (select top 1  ra_code from dbo.Rates where RA_ISOCode = 'RUB') and RC_RCOD2 = (select top 1  ra_code from dbo.Rates where RA_ISOCode = 'EUR') and RC_DATEBEG <='2016-04-27' and RC_DATEBEG > '2016-04-13'
_______________________________________
27.04.2016 17:42:45 RC_RCOD2 = (select top 1  ra_code from dbo.Rates where RA_ISOCode = 'RUB') and RC_RCOD1 = (select top 1  ra_code from dbo.Rates where RA_ISOCode = 'EUR') and RC_DATEBEG <='2016-04-27' and RC_DATEBEG > '2016-04-13'
_______________________________________
27.04.2016 17:42:45 192.168.1.89
_______________________________________
27.04.2016 17:42:45 True
_______________________________________
27.04.2016 17:42:45 Data Source=192.168.1.89; Initial Catalog=avalon;User Id=sa;Password=MasterTop10
_______________________________________
27.04.2016 17:42:45 {"id":1,"method":"get_dogovor_info","params":{"dogovor_code":"V1600168"}}
_______________________________________
27.04.2016 17:41:36 {"jsonrpc":"2.0","id":1,"result":{"turists":[{"id":0,"gender":1,"last_name":"SIDAROVICH","first_name":"ARTSIOM","birth_date":"01.05.1983","citizenship":"","passport_num":"MP2428993","passport_date":"01.05.2028"},{"id":1,"gender":2,"last_name":"SIDAROVICH","first_name":"OLGA","birth_date":"18.06.1984","citizenship":"","passport_num":"MP2911482","passport_date":"18.06.2029"},{"id":2,"gender":1,"last_name":"SIDAROVICH","first_name":"ALIAKSEI","birth_date":"08.06.2012","citizenship":"","passport_num":"MP3197433","passport_date":"07.12.2017"}],"documents":[],"services":[{"service_class":1,"price":{"RUB":0,"USD":0,"EUR":0,"BYR":0},"day":1,"days_long":0,"title":"А_П::Минск/Ираклион/BRU8117, MSQ-lRK, 00:00-00:00/Y Экономический класс/","status":1,"book_id":0},{"service_class":2,"price":{"RUB":0,"USD":0,"EUR":0,"BYR":0},"day":1,"days_long":0,"title":"Трансфер::Ираклион/Arrival transfer: Heraklion (Kazantzakis) - Karteros, , /Групп. /                                                                                                                                                                          ","status":8,"book_id":0},{"service_class":3,"price":{"RUB":0,"USD":0,"EUR":0,"BYR":0},"day":1,"days_long":14,"title":"HOTEL::Картерос/Karteros Hotel-3*,14 ночей/DBL(Standard),2ADL+CHD(2-11)/ALL All inclusive/                                                                                                                                                                    ","status":8,"book_id":0},{"service_class":6,"price":{"RUB":0,"USD":0,"EUR":0,"BYR":0},"day":1,"days_long":15,"title":"Страховка::Греция/Страховка 30 000 евро,15 дней/                                                                                                                                                                                                              ","status":1,"book_id":0},{"service_class":1,"price":{"RUB":0,"USD":0,"EUR":0,"BYR":0},"day":15,"days_long":0,"title":"А_П::Ираклион/Минск/BRU8118, lRK-MSQ, 00:00-00:00/Y Экономический класс/","status":1,"book_id":0},{"service_class":2,"price":{"RUB":0,"USD":0,"EUR":0,"BYR":0},"day":15,"days_long":0,"title":"Трансфер::Картерос/Departure transfer: Karteros - Heraklion (Kazantzakis), , /Групп. /                                                                                                                                                                        ","status":8,"book_id":0}],"dogovor_status":2,"tour_date":"30.12.1899","pay_date":"27.04.2016 09:51:01 +03:00","total_price":{"RUB":0,"USD":0,"EUR":0,"BYR":0},"paid_sum":{"RUB":0,"USD":0,"EUR":0,"BYR":0},"up_date":"01.01.0001 00:00:00 +03:00","messages":[]}}
_______________________________________
27.04.2016 17:41:36 from mt
_______________________________________
27.04.2016 17:41:36 RC_RCOD1 = (select top 1  ra_code from dbo.Rates where RA_ISOCode = 'BYR') and RC_RCOD2 = (select top 1  ra_code from dbo.Rates where RA_ISOCode = 'EUR') and RC_DATEBEG <='2016-04-27' and RC_DATEBEG > '2016-04-13'
_______________________________________
27.04.2016 17:41:36 RC_RCOD2 = (select top 1  ra_code from dbo.Rates where RA_ISOCode = 'BYR') and RC_RCOD1 = (select top 1  ra_code from dbo.Rates where RA_ISOCode = 'EUR') and RC_DATEBEG <='2016-04-27' and RC_DATEBEG > '2016-04-13'
_______________________________________
27.04.2016 17:41:36 RC_RCOD2 = (select top 1  ra_code from dbo.Rates where RA_ISOCode = 'USD') and RC_RCOD1 = (select top 1  ra_code from dbo.Rates where RA_ISOCode = 'EUR') and RC_DATEBEG <='2016-04-27' and RC_DATEBEG > '2016-04-13'
_______________________________________
27.04.2016 17:41:36 RC_RCOD1 = (select top 1  ra_code from dbo.Rates where RA_ISOCode = 'RUB') and RC_RCOD2 = (select top 1  ra_code from dbo.Rates where RA_ISOCode = 'EUR') and RC_DATEBEG <='2016-04-27' and RC_DATEBEG > '2016-04-13'
_______________________________________
27.04.2016 17:41:36 RC_RCOD2 = (select top 1  ra_code from dbo.Rates where RA_ISOCode = 'RUB') and RC_RCOD1 = (select top 1  ra_code from dbo.Rates where RA_ISOCode = 'EUR') and RC_DATEBEG <='2016-04-27' and RC_DATEBEG > '2016-04-13'
_______________________________________
27.04.2016 17:41:35 192.168.1.89
_______________________________________
27.04.2016 17:41:35 True
_______________________________________
27.04.2016 17:41:35 Data Source=192.168.1.89; Initial Catalog=avalon;User Id=sa;Password=MasterTop10
_______________________________________
27.04.2016 17:41:34 {"id":1,"method":"get_dogovor_info","params":{"dogovor_code":"A16KRT075"}}
