_______________________________________
28.04.2016 11:56:59 {"jsonrpc":"2.0","id":0,"result":{"dogovor_code":"P1700043","pay_date":"29.04.2016 00:00:00 +03:00","price":{"RUB":2177,"USD":32,"EUR":28,"BYR":640000}}}
_______________________________________
28.04.2016 11:56:59 from redis
_______________________________________
28.04.2016 11:56:59 after add comment
_______________________________________
28.04.2016 11:56:59 try to add comment
_______________________________________
28.04.2016 11:56:58 after add comment
_______________________________________
28.04.2016 11:56:58 try to add comment
_______________________________________
28.04.2016 11:56:58 transfer exists
_______________________________________
28.04.2016 11:56:58 in get trf
_______________________________________
28.04.2016 11:56:58 in get hotels
_______________________________________
28.04.2016 11:56:57 Data Source=192.168.1.89; Initial Catalog=avalon; User Id=sa; Password=MasterTop10; Application Name=; Max Pool Size=100;Asynchronous Processing=False; Connection Timeout=100
_______________________________________
28.04.2016 11:56:57 {"method":"create_new_dogovor","id":0,"params":[[1095],{"email":"mail@adsada.bew","phone":"76548546456"},"wertyu",""]}
_______________________________________
28.04.2016 11:20:08 {"jsonrpc":"2.0","id":0,"result":{"dogovor_code":"P1700042","pay_date":"29.04.2016 00:00:00 +03:00","price":{"RUB":1990,"USD":29,"EUR":26,"BYR":585000}}}
_______________________________________
28.04.2016 11:20:08 from redis
_______________________________________
28.04.2016 11:20:08 after add comment
_______________________________________
28.04.2016 11:20:08 try to add comment
_______________________________________
28.04.2016 11:20:07 after add comment
_______________________________________
28.04.2016 11:20:07 try to add comment
_______________________________________
28.04.2016 11:20:06 transfer exists
_______________________________________
28.04.2016 11:20:06 in get trf
_______________________________________
28.04.2016 11:20:06 in get hotels
_______________________________________
28.04.2016 11:20:06 Data Source=192.168.1.89; Initial Catalog=avalon; User Id=sa; Password=MasterTop10; Application Name=; Max Pool Size=100;Asynchronous Processing=False; Connection Timeout=100
_______________________________________
28.04.2016 11:20:06 {"method":"create_new_dogovor","id":0,"params":[[1094],{"email":"mail@ssddd.sdff","phone":"76876876876"},"test",""]}
_______________________________________
28.04.2016 10:50:12 {"jsonrpc":"2.0","id":0,"error":{"code":-32016,"message":"Invalid book_ids length","data":null}}
_______________________________________
28.04.2016 10:50:12 {"method":"create_new_dogovor","id":0,"params":[[],{"email":"test@test.by","phone":"37529114578"},"",""]}
